<?xml version="1.0" encoding="UTF-8"?>
<testng-results ignored="0" total="1" passed="1" failed="0" skipped="0">
  <reporter-output>
  </reporter-output>
  <suite started-at="2019-12-28T22:10:56 IST" name="Default suite" finished-at="2019-12-28T22:10:59 IST" duration-ms="2871">
    <groups>
    </groups>
    <test started-at="2019-12-28T22:10:56 IST" name="Default test" finished-at="2019-12-28T22:10:59 IST" duration-ms="2871">
      <class name="com.qa.gorest.testcases.GoRestPost">
        <test-method is-config="true" signature="setUp()[pri:0, instance:com.qa.gorest.testcases.GoRestPost@6b26e945]" started-at="2019-12-28T22:10:56 IST" name="setUp" finished-at="2019-12-28T22:10:56 IST" duration-ms="0" status="PASS">
          <reporter-output>
          </reporter-output>
        </test-method> <!-- setUp -->
        <test-method signature="createUserTest()[pri:0, instance:com.qa.gorest.testcases.GoRestPost@6b26e945]" started-at="2019-12-28T22:10:56 IST" name="createUserTest" finished-at="2019-12-28T22:10:59 IST" duration-ms="2822" status="PASS">
          <reporter-output>
          </reporter-output>
        </test-method> <!-- createUserTest -->
      </class> <!-- com.qa.gorest.testcases.GoRestPost -->
    </test> <!-- Default test -->
  </suite> <!-- Default suite -->
</testng-results>
